<?xml version="1.0" encoding="UTF-8"?>
<!-- Generated by org.testng.reporters.JUnitReportReporter -->
<testsuite hostname="WINCTRL-OVVSTUP" failures="0" tests="4" name="testpkg.Saucetest" time="63.034" errors="0" timestamp="2024-04-29T20:32:34 IST" skipped="0">
  <testcase classname="testpkg.Saucetest" name="logintest" time="16.426"/>
  <testcase classname="testpkg.Saucetest" name="addtocarttest" time="16.512"/>
  <testcase classname="testpkg.Saucetest" name="informationvaluestest" time="11.520"/>
  <testcase classname="testpkg.Saucetest" name="logoouttest" time="18.576"/>
</testsuite> <!-- testpkg.Saucetest -->
